<?xml version="1.0" encoding="UTF-8"?>
<!-- Generated by org.testng.reporters.JUnitReportReporter -->
<testsuite hostname="krupals-MacBook-Air.local" failures="0" tests="7" name="com.api.qa.testcase.Delete_Employee" time="1.814" errors="1" timestamp="2022-07-22T23:53:28 EDT" skipped="6">
  <testcase classname="com.api.qa.testcase.Delete_Employee" name="deleteEmployee" time="1.814">
    <error message="Cannot invoke &quot;Object.toString()&quot; because the return value of &quot;io.restassured.path.json.JsonPath.get(String)&quot; is null" type="java.lang.NullPointerException">
      <![CDATA[java.lang.NullPointerException: Cannot invoke "Object.toString()" because the return value of "io.restassured.path.json.JsonPath.get(String)" is null
at com.api.qa.testcase.Delete_Employee.deleteEmployee(Delete_Employee.java:33)
at java.base/jdk.internal.reflect.NativeMethodAccessorImpl.invoke0(Native Method)
at java.base/jdk.internal.reflect.NativeMethodAccessorImpl.invoke(NativeMethodAccessorImpl.java:62)
at java.base/jdk.internal.reflect.DelegatingMethodAccessorImpl.invoke(DelegatingMethodAccessorImpl.java:43)
at java.base/java.lang.reflect.Method.invoke(Method.java:564)
at org.testng.internal.MethodInvocationHelper.invokeMethod(MethodInvocationHelper.java:133)
at org.testng.internal.MethodInvocationHelper.invokeMethodConsideringTimeout(MethodInvocationHelper.java:62)
at org.testng.internal.ConfigInvoker.invokeConfigurationMethod(ConfigInvoker.java:385)
at org.testng.internal.ConfigInvoker.invokeConfigurations(ConfigInvoker.java:321)
at org.testng.internal.TestMethodWorker.invokeBeforeClassMethods(TestMethodWorker.java:176)
at org.testng.internal.TestMethodWorker.run(TestMethodWorker.java:122)
at java.base/java.util.ArrayList.forEach(ArrayList.java:1511)
at org.testng.TestRunner.privateRun(TestRunner.java:794)
at org.testng.TestRunner.run(TestRunner.java:596)
at org.testng.SuiteRunner.runTest(SuiteRunner.java:377)
at org.testng.SuiteRunner.runSequentially(SuiteRunner.java:371)
at org.testng.SuiteRunner.privateRun(SuiteRunner.java:332)
at org.testng.SuiteRunner.run(SuiteRunner.java:276)
at org.testng.SuiteRunnerWorker.runSuite(SuiteRunnerWorker.java:53)
at org.testng.SuiteRunnerWorker.run(SuiteRunnerWorker.java:96)
at org.testng.TestNG.runSuitesSequentially(TestNG.java:1212)
at org.testng.TestNG.runSuitesLocally(TestNG.java:1134)
at org.testng.TestNG.runSuites(TestNG.java:1063)
at org.testng.TestNG.run(TestNG.java:1031)
at org.testng.remote.AbstractRemoteTestNG.run(AbstractRemoteTestNG.java:115)
at org.testng.remote.RemoteTestNG.initAndRun(RemoteTestNG.java:251)
at org.testng.remote.RemoteTestNG.main(RemoteTestNG.java:77)
]]>
    </error>
  </testcase> <!-- deleteEmployee -->
  <system-out/>
  <testcase classname="com.api.qa.testcase.Delete_Employee" name="checkContentType" time="0.000">
    <skipped/>
  </testcase> <!-- checkContentType -->
  <system-out/>
  <testcase classname="com.api.qa.testcase.Delete_Employee" name="checkResposeBody" time="0.000">
    <skipped/>
  </testcase> <!-- checkResposeBody -->
  <system-out/>
  <testcase classname="com.api.qa.testcase.Delete_Employee" name="checkStatusCode" time="0.000">
    <skipped/>
  </testcase> <!-- checkStatusCode -->
  <system-out/>
  <testcase classname="com.api.qa.testcase.Delete_Employee" name="checkstatusLine" time="0.000">
    <skipped/>
  </testcase> <!-- checkstatusLine -->
  <system-out/>
  <testcase classname="com.api.qa.testcase.Delete_Employee" name="checkcontentEncoding" time="0.000">
    <skipped/>
  </testcase> <!-- checkcontentEncoding -->
  <system-out/>
  <testcase classname="com.api.qa.testcase.Delete_Employee" name="checkserverType" time="0.000">
    <skipped/>
  </testcase> <!-- checkserverType -->
  <system-out/>
</testsuite> <!-- com.api.qa.testcase.Delete_Employee -->
