<?xml version="1.0" encoding="UTF-8"?>
<!-- Generated by org.testng.reporters.JUnitReportReporter -->
<testsuite hostname="krupals-MacBook-Air.local" failures="0" tests="7" name="com.api.qa.testcase.Delete_Employee" time="1.289" errors="1" timestamp="2022-07-24T14:58:14 EDT" skipped="6">
  <testcase classname="com.api.qa.testcase.Delete_Employee" name="checkStatusCode" time="0.000">
    <skipped/>
  </testcase> <!-- checkStatusCode -->
  <system-out/>
  <testcase classname="com.api.qa.testcase.Delete_Employee" name="checkserverType" time="0.000">
    <skipped/>
  </testcase> <!-- checkserverType -->
  <system-out/>
  <testcase classname="com.api.qa.testcase.Delete_Employee" name="checkcontentEncoding" time="0.000">
    <skipped/>
  </testcase> <!-- checkcontentEncoding -->
  <system-out/>
  <testcase classname="com.api.qa.testcase.Delete_Employee" name="deleteEmployee" time="1.289">
    <error type="java.lang.NullPointerException">
      <![CDATA[java.lang.NullPointerException
at com.api.qa.testcase.Delete_Employee.deleteEmployee(Delete_Employee.java:33)
at java.base/jdk.internal.reflect.NativeMethodAccessorImpl.invoke0(Native Method)
at java.base/jdk.internal.reflect.NativeMethodAccessorImpl.invoke(NativeMethodAccessorImpl.java:62)
at java.base/jdk.internal.reflect.DelegatingMethodAccessorImpl.invoke(DelegatingMethodAccessorImpl.java:43)
at java.base/java.lang.reflect.Method.invoke(Method.java:564)
at org.testng.internal.invokers.MethodInvocationHelper.invokeMethod(MethodInvocationHelper.java:139)
at org.testng.internal.invokers.MethodInvocationHelper.invokeMethodConsideringTimeout(MethodInvocationHelper.java:69)
at org.testng.internal.invokers.ConfigInvoker.invokeConfigurationMethod(ConfigInvoker.java:361)
at org.testng.internal.invokers.ConfigInvoker.invokeConfigurations(ConfigInvoker.java:296)
at org.testng.internal.invokers.TestMethodWorker.invokeBeforeClassMethods(TestMethodWorker.java:180)
at org.testng.internal.invokers.TestMethodWorker.run(TestMethodWorker.java:122)
at java.base/java.util.ArrayList.forEach(ArrayList.java:1511)
at org.testng.TestRunner.privateRun(TestRunner.java:806)
at org.testng.TestRunner.run(TestRunner.java:601)
at org.testng.SuiteRunner.runTest(SuiteRunner.java:433)
at org.testng.SuiteRunner.runSequentially(SuiteRunner.java:427)
at org.testng.SuiteRunner.privateRun(SuiteRunner.java:387)
at org.testng.SuiteRunner.run(SuiteRunner.java:330)
at org.testng.SuiteRunnerWorker.runSuite(SuiteRunnerWorker.java:52)
at org.testng.SuiteRunnerWorker.run(SuiteRunnerWorker.java:95)
at org.testng.TestNG.runSuitesSequentially(TestNG.java:1256)
at org.testng.TestNG.runSuitesLocally(TestNG.java:1176)
at org.testng.TestNG.runSuites(TestNG.java:1099)
at org.testng.TestNG.run(TestNG.java:1067)
at org.apache.maven.surefire.testng.TestNGExecutor.run(TestNGExecutor.java:283)
at org.apache.maven.surefire.testng.TestNGXmlTestSuite.execute(TestNGXmlTestSuite.java:75)
at org.apache.maven.surefire.testng.TestNGProvider.invoke(TestNGProvider.java:120)
at org.apache.maven.surefire.booter.ForkedBooter.invokeProviderInSameClassLoader(ForkedBooter.java:384)
at org.apache.maven.surefire.booter.ForkedBooter.runSuitesInProcess(ForkedBooter.java:345)
at org.apache.maven.surefire.booter.ForkedBooter.execute(ForkedBooter.java:126)
at org.apache.maven.surefire.booter.ForkedBooter.main(ForkedBooter.java:418)
]]>
    </error>
  </testcase> <!-- deleteEmployee -->
  <system-out/>
  <testcase classname="com.api.qa.testcase.Delete_Employee" name="checkResposeBody" time="0.000">
    <skipped/>
  </testcase> <!-- checkResposeBody -->
  <system-out/>
  <testcase classname="com.api.qa.testcase.Delete_Employee" name="checkstatusLine" time="0.000">
    <skipped/>
  </testcase> <!-- checkstatusLine -->
  <system-out/>
  <testcase classname="com.api.qa.testcase.Delete_Employee" name="checkContentType" time="0.000">
    <skipped/>
  </testcase> <!-- checkContentType -->
  <system-out/>
</testsuite> <!-- com.api.qa.testcase.Delete_Employee -->
